<?xml version="1.0" encoding="UTF-8"?>
<testng-results ignored="0" total="1" passed="1" failed="0" skipped="0">
  <reporter-output>
  </reporter-output>
  <suite started-at="2023-11-27T19:39:26 IST" name="Suite1.1" finished-at="2023-11-27T19:39:47 IST" duration-ms="21441">
    <groups>
    </groups>
    <test started-at="2023-11-27T19:39:26 IST" name="browsertest" finished-at="2023-11-27T19:39:47 IST" duration-ms="21441">
      <class name="com.inetBanking.testCases.Login_Test">
        <test-method is-config="true" signature="setup(java.lang.String)[pri:0, instance:com.inetBanking.testCases.Login_Test@d29f28]" started-at="2023-11-27T19:39:26 IST" name="setup" finished-at="2023-11-27T19:39:43 IST" duration-ms="16205" status="PASS">
          <params>
            <param index="0">
              <value>
                <![CDATA[chrome]]>
              </value>
            </param>
          </params>
          <reporter-output>
          </reporter-output>
        </test-method> <!-- setup -->
        <test-method signature="loginTest()[pri:0, instance:com.inetBanking.testCases.Login_Test@d29f28]" started-at="2023-11-27T19:39:43 IST" name="loginTest" finished-at="2023-11-27T19:39:46 IST" duration-ms="2969" status="PASS">
          <reporter-output>
          </reporter-output>
        </test-method> <!-- loginTest -->
        <test-method is-config="true" signature="teardown()[pri:0, instance:com.inetBanking.testCases.Login_Test@d29f28]" started-at="2023-11-27T19:39:46 IST" name="teardown" finished-at="2023-11-27T19:39:47 IST" duration-ms="1375" status="PASS">
          <reporter-output>
          </reporter-output>
        </test-method> <!-- teardown -->
      </class> <!-- com.inetBanking.testCases.Login_Test -->
    </test> <!-- browsertest -->
  </suite> <!-- Suite1.1 -->
</testng-results>
